This is pdfTeX, Version 3.141592653-2.6-1.40.26 (TeX Live 2024) (preloaded format=pdflatex 2024.5.3)  28 MAY 2024 21:17
entering extended mode
 restricted \write18 enabled.
 %&-line parsing enabled.
**kNN-Logistic-and-Support-Vector-Machine.tex
(./kNN-Logistic-and-Support-Vector-Machine.tex
LaTeX2e <2023-11-01> patch level 1
L3 programming layer <2024-04-11>
(c:/Users/LUMUMBA/AppData/Roaming/TinyTeX/texmf-dist/tex/latex/base/article.cls
Document Class: article 2023/05/17 v1.4n Standard LaTeX document class
(c:/Users/LUMUMBA/AppData/Roaming/TinyTeX/texmf-dist/tex/latex/base/size10.clo
File: size10.clo 2023/05/17 v1.4n Standard LaTeX file (size option)
)
\c@part=\count189
\c@section=\count190
\c@subsection=\count191
\c@subsubsection=\count192
\c@paragraph=\count193
\c@subparagraph=\count194
\c@figure=\count195
\c@table=\count196
\abovecaptionskip=\skip48
\belowcaptionskip=\skip49
\bibindent=\dimen140
) (c:/Users/LUMUMBA/AppData/Roaming/TinyTeX/texmf-dist/tex/latex/amsmath/amsmath.sty
Package: amsmath 2023/05/13 v2.17o AMS math features
\@mathmargin=\skip50
For additional information on amsmath, use the `?' option.
(c:/Users/LUMUMBA/AppData/Roaming/TinyTeX/texmf-dist/tex/latex/amsmath/amstext.sty
Package: amstext 2021/08/26 v2.01 AMS text
(c:/Users/LUMUMBA/AppData/Roaming/TinyTeX/texmf-dist/tex/latex/amsmath/amsgen.sty
File: amsgen.sty 1999/11/30 v2.0 generic functions
\@emptytoks=\toks17
\ex@=\dimen141
)) (c:/Users/LUMUMBA/AppData/Roaming/TinyTeX/texmf-dist/tex/latex/amsmath/amsbsy.sty
Package: amsbsy 1999/11/29 v1.2d Bold Symbols
\pmbraise@=\dimen142
) (c:/Users/LUMUMBA/AppData/Roaming/TinyTeX/texmf-dist/tex/latex/amsmath/amsopn.sty
Package: amsopn 2022/04/08 v2.04 operator names
)
\inf@bad=\count197
LaTeX Info: Redefining \frac on input line 234.
\uproot@=\count198
\leftroot@=\count199
LaTeX Info: Redefining \overline on input line 399.
LaTeX Info: Redefining \colon on input line 410.
\classnum@=\count266
\DOTSCASE@=\count267
LaTeX Info: Redefining \ldots on input line 496.
LaTeX Info: Redefining \dots on input line 499.
LaTeX Info: Redefining \cdots on input line 620.
\Mathstrutbox@=\box51
\strutbox@=\box52
LaTeX Info: Redefining \big on input line 722.
LaTeX Info: Redefining \Big on input line 723.
LaTeX Info: Redefining \bigg on input line 724.
LaTeX Info: Redefining \Bigg on input line 725.
\big@size=\dimen143
LaTeX Font Info:    Redeclaring font encoding OML on input line 743.
LaTeX Font Info:    Redeclaring font encoding OMS on input line 744.
\macc@depth=\count268
LaTeX Info: Redefining \bmod on input line 905.
LaTeX Info: Redefining \pmod on input line 910.
LaTeX Info: Redefining \smash on input line 940.
LaTeX Info: Redefining \relbar on input line 970.
LaTeX Info: Redefining \Relbar on input line 971.
\c@MaxMatrixCols=\count269
\dotsspace@=\muskip16
\c@parentequation=\count270
\dspbrk@lvl=\count271
\tag@help=\toks18
\row@=\count272
\column@=\count273
\maxfields@=\count274
\andhelp@=\toks19
\eqnshift@=\dimen144
\alignsep@=\dimen145
\tagshift@=\dimen146
\tagwidth@=\dimen147
\totwidth@=\dimen148
\lineht@=\dimen149
\@envbody=\toks20
\multlinegap=\skip51
\multlinetaggap=\skip52
\mathdisplay@stack=\toks21
LaTeX Info: Redefining \[ on input line 2953.
LaTeX Info: Redefining \] on input line 2954.
) (c:/Users/LUMUMBA/AppData/Roaming/TinyTeX/texmf-dist/tex/latex/amsfonts/amssymb.sty
Package: amssymb 2013/01/14 v3.01 AMS font symbols
(c:/Users/LUMUMBA/AppData/Roaming/TinyTeX/texmf-dist/tex/latex/amsfonts/amsfonts.sty
Package: amsfonts 2013/01/14 v3.01 Basic AMSFonts support
\symAMSa=\mathgroup4
\symAMSb=\mathgroup5
LaTeX Font Info:    Redeclaring math symbol \hbar on input line 98.
LaTeX Font Info:    Overwriting math alphabet `\mathfrak' in version `bold'
(Font)                  U/euf/m/n --> U/euf/b/n on input line 106.
)) (c:/Users/LUMUMBA/AppData/Roaming/TinyTeX/texmf-dist/tex/generic/iftex/iftex.sty
Package: iftex 2022/02/03 v1.0f TeX engine tests
) (c:/Users/LUMUMBA/AppData/Roaming/TinyTeX/texmf-dist/tex/latex/base/fontenc.sty
Package: fontenc 2021/04/29 v2.0v Standard LaTeX package
) (c:/Users/LUMUMBA/AppData/Roaming/TinyTeX/texmf-dist/tex/latex/base/inputenc.sty
Package: inputenc 2021/02/14 v1.3d Input encoding file
\inpenc@prehook=\toks22
\inpenc@posthook=\toks23
) (c:/Users/LUMUMBA/AppData/Roaming/TinyTeX/texmf-dist/tex/latex/base/textcomp.sty
Package: textcomp 2020/02/02 v2.0n Standard LaTeX package
) (c:/Users/LUMUMBA/AppData/Roaming/TinyTeX/texmf-dist/tex/latex/lm/lmodern.sty
Package: lmodern 2015/05/01 v1.6.1 Latin Modern Fonts
LaTeX Font Info:    Overwriting symbol font `operators' in version `normal'
(Font)                  OT1/cmr/m/n --> OT1/lmr/m/n on input line 22.
LaTeX Font Info:    Overwriting symbol font `letters' in version `normal'
(Font)                  OML/cmm/m/it --> OML/lmm/m/it on input line 23.
LaTeX Font Info:    Overwriting symbol font `symbols' in version `normal'
(Font)                  OMS/cmsy/m/n --> OMS/lmsy/m/n on input line 24.
LaTeX Font Info:    Overwriting symbol font `largesymbols' in version `normal'
(Font)                  OMX/cmex/m/n --> OMX/lmex/m/n on input line 25.
LaTeX Font Info:    Overwriting symbol font `operators' in version `bold'
(Font)                  OT1/cmr/bx/n --> OT1/lmr/bx/n on input line 26.
LaTeX Font Info:    Overwriting symbol font `letters' in version `bold'
(Font)                  OML/cmm/b/it --> OML/lmm/b/it on input line 27.
LaTeX Font Info:    Overwriting symbol font `symbols' in version `bold'
(Font)                  OMS/cmsy/b/n --> OMS/lmsy/b/n on input line 28.
LaTeX Font Info:    Overwriting symbol font `largesymbols' in version `bold'
(Font)                  OMX/cmex/m/n --> OMX/lmex/m/n on input line 29.
LaTeX Font Info:    Overwriting math alphabet `\mathbf' in version `normal'
(Font)                  OT1/cmr/bx/n --> OT1/lmr/bx/n on input line 31.
LaTeX Font Info:    Overwriting math alphabet `\mathsf' in version `normal'
(Font)                  OT1/cmss/m/n --> OT1/lmss/m/n on input line 32.
LaTeX Font Info:    Overwriting math alphabet `\mathit' in version `normal'
(Font)                  OT1/cmr/m/it --> OT1/lmr/m/it on input line 33.
LaTeX Font Info:    Overwriting math alphabet `\mathtt' in version `normal'
(Font)                  OT1/cmtt/m/n --> OT1/lmtt/m/n on input line 34.
LaTeX Font Info:    Overwriting math alphabet `\mathbf' in version `bold'
(Font)                  OT1/cmr/bx/n --> OT1/lmr/bx/n on input line 35.
LaTeX Font Info:    Overwriting math alphabet `\mathsf' in version `bold'
(Font)                  OT1/cmss/bx/n --> OT1/lmss/bx/n on input line 36.
LaTeX Font Info:    Overwriting math alphabet `\mathit' in version `bold'
(Font)                  OT1/cmr/bx/it --> OT1/lmr/bx/it on input line 37.
LaTeX Font Info:    Overwriting math alphabet `\mathtt' in version `bold'
(Font)                  OT1/cmtt/m/n --> OT1/lmtt/m/n on input line 38.
) (c:/Users/LUMUMBA/AppData/Roaming/TinyTeX/texmf-dist/tex/latex/xcolor/xcolor.sty
Package: xcolor 2023/11/15 v3.01 LaTeX color extensions (UK)
(c:/Users/LUMUMBA/AppData/Roaming/TinyTeX/texmf-dist/tex/latex/graphics-cfg/color.cfg
File: color.cfg 2016/01/02 v1.6 sample color configuration
)
Package xcolor Info: Driver file: pdftex.def on input line 274.
(c:/Users/LUMUMBA/AppData/Roaming/TinyTeX/texmf-dist/tex/latex/graphics-def/pdftex.def
File: pdftex.def 2024/04/13 v1.2c Graphics/color driver for pdftex
) (c:/Users/LUMUMBA/AppData/Roaming/TinyTeX/texmf-dist/tex/latex/graphics/mathcolor.ltx)
Package xcolor Info: Model `cmy' substituted by `cmy0' on input line 1350.
Package xcolor Info: Model `hsb' substituted by `rgb' on input line 1354.
Package xcolor Info: Model `RGB' extended on input line 1366.
Package xcolor Info: Model `HTML' substituted by `rgb' on input line 1368.
Package xcolor Info: Model `Hsb' substituted by `hsb' on input line 1369.
Package xcolor Info: Model `tHsb' substituted by `hsb' on input line 1370.
Package xcolor Info: Model `HSB' substituted by `hsb' on input line 1371.
Package xcolor Info: Model `Gray' substituted by `gray' on input line 1372.
Package xcolor Info: Model `wave' substituted by `hsb' on input line 1373.
) (c:/Users/LUMUMBA/AppData/Roaming/TinyTeX/texmf-dist/tex/latex/geometry/geometry.sty
Package: geometry 2020/01/02 v5.9 Page Geometry
(c:/Users/LUMUMBA/AppData/Roaming/TinyTeX/texmf-dist/tex/latex/graphics/keyval.sty
Package: keyval 2022/05/29 v1.15 key=value parser (DPC)
\KV@toks@=\toks24
) (c:/Users/LUMUMBA/AppData/Roaming/TinyTeX/texmf-dist/tex/generic/iftex/ifvtex.sty
Package: ifvtex 2019/10/25 v1.7 ifvtex legacy package. Use iftex instead.
)
\Gm@cnth=\count275
\Gm@cntv=\count276
\c@Gm@tempcnt=\count277
\Gm@bindingoffset=\dimen150
\Gm@wd@mp=\dimen151
\Gm@odd@mp=\dimen152
\Gm@even@mp=\dimen153
\Gm@layoutwidth=\dimen154
\Gm@layoutheight=\dimen155
\Gm@layouthoffset=\dimen156
\Gm@layoutvoffset=\dimen157
\Gm@dimlist=\toks25
) (c:/Users/LUMUMBA/AppData/Roaming/TinyTeX/texmf-dist/tex/latex/fancyvrb/fancyvrb.sty
Package: fancyvrb 2024/01/20 4.5c verbatim text (tvz,hv)
\FV@CodeLineNo=\count278
\FV@InFile=\read2
\FV@TabBox=\box53
\c@FancyVerbLine=\count279
\FV@StepNumber=\count280
\FV@OutFile=\write3
) (c:/Users/LUMUMBA/AppData/Roaming/TinyTeX/texmf-dist/tex/latex/framed/framed.sty
Package: framed 2011/10/22 v 0.96: framed or shaded text with page breaks
\OuterFrameSep=\skip53
\fb@frw=\dimen158
\fb@frh=\dimen159
\FrameRule=\dimen160
\FrameSep=\dimen161
) (c:/Users/LUMUMBA/AppData/Roaming/TinyTeX/texmf-dist/tex/latex/graphics/graphicx.sty
Package: graphicx 2021/09/16 v1.2d Enhanced LaTeX Graphics (DPC,SPQR)
(c:/Users/LUMUMBA/AppData/Roaming/TinyTeX/texmf-dist/tex/latex/graphics/graphics.sty
Package: graphics 2022/03/10 v1.4e Standard LaTeX Graphics (DPC,SPQR)
(c:/Users/LUMUMBA/AppData/Roaming/TinyTeX/texmf-dist/tex/latex/graphics/trig.sty
Package: trig 2021/08/11 v1.11 sin cos tan (DPC)
) (c:/Users/LUMUMBA/AppData/Roaming/TinyTeX/texmf-dist/tex/latex/graphics-cfg/graphics.cfg
File: graphics.cfg 2016/06/04 v1.11 sample graphics configuration
)
Package graphics Info: Driver file: pdftex.def on input line 107.
)
\Gin@req@height=\dimen162
\Gin@req@width=\dimen163
) (c:/Users/LUMUMBA/AppData/Roaming/TinyTeX/texmf-dist/tex/latex/bookmark/bookmark.sty
Package: bookmark 2023-12-10 v1.31 PDF bookmarks (HO)
(c:/Users/LUMUMBA/AppData/Roaming/TinyTeX/texmf-dist/tex/latex/hyperref/hyperref.sty
Package: hyperref 2024-01-20 v7.01h Hypertext links for LaTeX
(c:/Users/LUMUMBA/AppData/Roaming/TinyTeX/texmf-dist/tex/latex/kvsetkeys/kvsetkeys.sty
Package: kvsetkeys 2022-10-05 v1.19 Key value parser (HO)
) (c:/Users/LUMUMBA/AppData/Roaming/TinyTeX/texmf-dist/tex/generic/kvdefinekeys/kvdefinekeys.sty
Package: kvdefinekeys 2019-12-19 v1.6 Define keys (HO)
) (c:/Users/LUMUMBA/AppData/Roaming/TinyTeX/texmf-dist/tex/generic/pdfescape/pdfescape.sty
Package: pdfescape 2019/12/09 v1.15 Implements pdfTeX's escape features (HO)
(c:/Users/LUMUMBA/AppData/Roaming/TinyTeX/texmf-dist/tex/generic/ltxcmds/ltxcmds.sty
Package: ltxcmds 2023-12-04 v1.26 LaTeX kernel commands for general use (HO)
) (c:/Users/LUMUMBA/AppData/Roaming/TinyTeX/texmf-dist/tex/generic/pdftexcmds/pdftexcmds.sty
Package: pdftexcmds 2020-06-27 v0.33 Utility functions of pdfTeX for LuaTeX (HO)
(c:/Users/LUMUMBA/AppData/Roaming/TinyTeX/texmf-dist/tex/generic/infwarerr/infwarerr.sty
Package: infwarerr 2019/12/03 v1.5 Providing info/warning/error messages (HO)
)
Package pdftexcmds Info: \pdf@primitive is available.
Package pdftexcmds Info: \pdf@ifprimitive is available.
Package pdftexcmds Info: \pdfdraftmode found.
)) (c:/Users/LUMUMBA/AppData/Roaming/TinyTeX/texmf-dist/tex/latex/hycolor/hycolor.sty
Package: hycolor 2020-01-27 v1.10 Color options for hyperref/bookmark (HO)
) (c:/Users/LUMUMBA/AppData/Roaming/TinyTeX/texmf-dist/tex/latex/auxhook/auxhook.sty
Package: auxhook 2019-12-17 v1.6 Hooks for auxiliary files (HO)
) (c:/Users/LUMUMBA/AppData/Roaming/TinyTeX/texmf-dist/tex/latex/hyperref/nameref.sty
Package: nameref 2023-11-26 v2.56 Cross-referencing by name of section
(c:/Users/LUMUMBA/AppData/Roaming/TinyTeX/texmf-dist/tex/latex/refcount/refcount.sty
Package: refcount 2019/12/15 v3.6 Data extraction from label references (HO)
) (c:/Users/LUMUMBA/AppData/Roaming/TinyTeX/texmf-dist/tex/generic/gettitlestring/gettitlestring.sty
Package: gettitlestring 2019/12/15 v1.6 Cleanup title references (HO)
(c:/Users/LUMUMBA/AppData/Roaming/TinyTeX/texmf-dist/tex/latex/kvoptions/kvoptions.sty
Package: kvoptions 2022-06-15 v3.15 Key value format for package options (HO)
))
\c@section@level=\count281
) (c:/Users/LUMUMBA/AppData/Roaming/TinyTeX/texmf-dist/tex/latex/etoolbox/etoolbox.sty
Package: etoolbox 2020/10/05 v2.5k e-TeX tools for LaTeX (JAW)
\etb@tempcnta=\count282
)
\@linkdim=\dimen164
\Hy@linkcounter=\count283
\Hy@pagecounter=\count284
(c:/Users/LUMUMBA/AppData/Roaming/TinyTeX/texmf-dist/tex/latex/hyperref/pd1enc.def
File: pd1enc.def 2024-01-20 v7.01h Hyperref: PDFDocEncoding definition (HO)
Now handling font encoding PD1 ...
... no UTF-8 mapping file for font encoding PD1
) (c:/Users/LUMUMBA/AppData/Roaming/TinyTeX/texmf-dist/tex/generic/intcalc/intcalc.sty
Package: intcalc 2019/12/15 v1.3 Expandable calculations with integers (HO)
)
\Hy@SavedSpaceFactor=\count285
(c:/Users/LUMUMBA/AppData/Roaming/TinyTeX/texmf-dist/tex/latex/hyperref/puenc.def
File: puenc.def 2024-01-20 v7.01h Hyperref: PDF Unicode definition (HO)
Now handling font encoding PU ...
... no UTF-8 mapping file for font encoding PU
)
Package hyperref Info: Option `unicode' set `true' on input line 4062.
Package hyperref Info: Hyper figures OFF on input line 4179.
Package hyperref Info: Link nesting OFF on input line 4184.
Package hyperref Info: Hyper index ON on input line 4187.
Package hyperref Info: Plain pages OFF on input line 4194.
Package hyperref Info: Backreferencing OFF on input line 4199.
Package hyperref Info: Implicit mode ON; LaTeX internals redefined.
Package hyperref Info: Bookmarks ON on input line 4446.
\c@Hy@tempcnt=\count286
(c:/Users/LUMUMBA/AppData/Roaming/TinyTeX/texmf-dist/tex/latex/url/url.sty
\Urlmuskip=\muskip17
Package: url 2013/09/16  ver 3.4  Verb mode for urls, etc.
)
LaTeX Info: Redefining \url on input line 4784.
\XeTeXLinkMargin=\dimen165
(c:/Users/LUMUMBA/AppData/Roaming/TinyTeX/texmf-dist/tex/generic/bitset/bitset.sty
Package: bitset 2019/12/09 v1.3 Handle bit-vector datatype (HO)
(c:/Users/LUMUMBA/AppData/Roaming/TinyTeX/texmf-dist/tex/generic/bigintcalc/bigintcalc.sty
Package: bigintcalc 2019/12/15 v1.5 Expandable calculations on big integers (HO)
))
\Fld@menulength=\count287
\Field@Width=\dimen166
\Fld@charsize=\dimen167
Package hyperref Info: Hyper figures OFF on input line 6063.
Package hyperref Info: Link nesting OFF on input line 6068.
Package hyperref Info: Hyper index ON on input line 6071.
Package hyperref Info: backreferencing OFF on input line 6078.
Package hyperref Info: Link coloring OFF on input line 6083.
Package hyperref Info: Link coloring with OCG OFF on input line 6088.
Package hyperref Info: PDF/A mode OFF on input line 6093.
(c:/Users/LUMUMBA/AppData/Roaming/TinyTeX/texmf-dist/tex/latex/base/atbegshi-ltx.sty
Package: atbegshi-ltx 2021/01/10 v1.0c Emulation of the original atbegshi
package with kernel methods
)
\Hy@abspage=\count288
\c@Item=\count289
\c@Hfootnote=\count290
)
Package hyperref Info: Driver (autodetected): hpdftex.
(c:/Users/LUMUMBA/AppData/Roaming/TinyTeX/texmf-dist/tex/latex/hyperref/hpdftex.def
File: hpdftex.def 2024-01-20 v7.01h Hyperref driver for pdfTeX
(c:/Users/LUMUMBA/AppData/Roaming/TinyTeX/texmf-dist/tex/latex/base/atveryend-ltx.sty
Package: atveryend-ltx 2020/08/19 v1.0a Emulation of the original atveryend package
with kernel methods
)
\Fld@listcount=\count291
\c@bookmark@seq@number=\count292
(c:/Users/LUMUMBA/AppData/Roaming/TinyTeX/texmf-dist/tex/latex/rerunfilecheck/rerunfilecheck.sty
Package: rerunfilecheck 2022-07-10 v1.10 Rerun checks for auxiliary files (HO)
(c:/Users/LUMUMBA/AppData/Roaming/TinyTeX/texmf-dist/tex/generic/uniquecounter/uniquecounter.sty
Package: uniquecounter 2019/12/15 v1.4 Provide unlimited unique counter (HO)
)
Package uniquecounter Info: New unique counter `rerunfilecheck' on input line 285.
)
\Hy@SectionHShift=\skip54
) (c:/Users/LUMUMBA/AppData/Roaming/TinyTeX/texmf-dist/tex/latex/bookmark/bkm-pdftex.def
File: bkm-pdftex.def 2023-12-10 v1.31 bookmark driver for pdfTeX and luaTeX (HO)
\BKM@id=\count293
))
LaTeX Font Info:    Trying to load font information for T1+lmr on input line 113.
(c:/Users/LUMUMBA/AppData/Roaming/TinyTeX/texmf-dist/tex/latex/lm/t1lmr.fd
File: t1lmr.fd 2015/05/01 v1.6.1 Font defs for Latin Modern
) (c:/Users/LUMUMBA/AppData/Roaming/TinyTeX/texmf-dist/tex/latex/l3backend/l3backend-pdftex.def
File: l3backend-pdftex.def 2024-04-11 L3 backend support: PDF output (pdfTeX)
\l__color_backend_stack_int=\count294
\l__pdf_internal_box=\box54
)
No file kNN-Logistic-and-Support-Vector-Machine.aux.
\openout1 = `kNN-Logistic-and-Support-Vector-Machine.aux'.

LaTeX Font Info:    Checking defaults for OML/cmm/m/it on input line 113.
LaTeX Font Info:    ... okay on input line 113.
LaTeX Font Info:    Checking defaults for OMS/cmsy/m/n on input line 113.
LaTeX Font Info:    ... okay on input line 113.
LaTeX Font Info:    Checking defaults for OT1/cmr/m/n on input line 113.
LaTeX Font Info:    ... okay on input line 113.
LaTeX Font Info:    Checking defaults for T1/cmr/m/n on input line 113.
LaTeX Font Info:    ... okay on input line 113.
LaTeX Font Info:    Checking defaults for TS1/cmr/m/n on input line 113.
LaTeX Font Info:    ... okay on input line 113.
LaTeX Font Info:    Checking defaults for OMX/cmex/m/n on input line 113.
LaTeX Font Info:    ... okay on input line 113.
LaTeX Font Info:    Checking defaults for U/cmr/m/n on input line 113.
LaTeX Font Info:    ... okay on input line 113.
LaTeX Font Info:    Checking defaults for PD1/pdf/m/n on input line 113.
LaTeX Font Info:    ... okay on input line 113.
LaTeX Font Info:    Checking defaults for PU/pdf/m/n on input line 113.
LaTeX Font Info:    ... okay on input line 113.
(c:/Users/LUMUMBA/AppData/Roaming/TinyTeX/texmf-dist/tex/latex/epstopdf-pkg/epstopdf-base.sty
Package: epstopdf-base 2020-01-24 v2.11 Base part for package epstopdf
Package epstopdf-base Info: Redefining graphics rule for `.eps' on input line 485.
(c:/Users/LUMUMBA/AppData/Roaming/TinyTeX/texmf-dist/tex/latex/latexconfig/epstopdf-sys.cfg
File: epstopdf-sys.cfg 2010/07/13 v1.3 Configuration of (r)epstopdf for TeX Live
))
*geometry* driver: auto-detecting
*geometry* detected driver: pdftex
*geometry* verbose mode - [ preamble ] result:
* driver: pdftex
* paper: <default>
* layout: <same size as paper>
* layoutoffset:(h,v)=(0.0pt,0.0pt)
* modes: 
* h-part:(L,W,R)=(72.26999pt, 469.75502pt, 72.26999pt)
* v-part:(T,H,B)=(72.26999pt, 650.43001pt, 72.26999pt)
* \paperwidth=614.295pt
* \paperheight=794.96999pt
* \textwidth=469.75502pt
* \textheight=650.43001pt
* \oddsidemargin=0.0pt
* \evensidemargin=0.0pt
* \topmargin=-37.0pt
* \headheight=12.0pt
* \headsep=25.0pt
* \topskip=10.0pt
* \footskip=30.0pt
* \marginparwidth=65.0pt
* \marginparsep=11.0pt
* \columnsep=10.0pt
* \skip\footins=9.0pt plus 4.0pt minus 2.0pt
* \hoffset=0.0pt
* \voffset=0.0pt
* \mag=1000
* \@twocolumnfalse
* \@twosidefalse
* \@mparswitchfalse
* \@reversemarginfalse
* (1in=72.27pt=25.4mm, 1cm=28.453pt)

Package hyperref Info: Link coloring OFF on input line 113.
LaTeX Font Info:    Trying to load font information for OT1+lmr on input line 115.
(c:/Users/LUMUMBA/AppData/Roaming/TinyTeX/texmf-dist/tex/latex/lm/ot1lmr.fd
File: ot1lmr.fd 2015/05/01 v1.6.1 Font defs for Latin Modern
)
LaTeX Font Info:    Trying to load font information for OML+lmm on input line 115.
(c:/Users/LUMUMBA/AppData/Roaming/TinyTeX/texmf-dist/tex/latex/lm/omllmm.fd
File: omllmm.fd 2015/05/01 v1.6.1 Font defs for Latin Modern
)
LaTeX Font Info:    Trying to load font information for OMS+lmsy on input line 115.
(c:/Users/LUMUMBA/AppData/Roaming/TinyTeX/texmf-dist/tex/latex/lm/omslmsy.fd
File: omslmsy.fd 2015/05/01 v1.6.1 Font defs for Latin Modern
)
LaTeX Font Info:    Trying to load font information for OMX+lmex on input line 115.
(c:/Users/LUMUMBA/AppData/Roaming/TinyTeX/texmf-dist/tex/latex/lm/omxlmex.fd
File: omxlmex.fd 2015/05/01 v1.6.1 Font defs for Latin Modern
)
LaTeX Font Info:    External font `lmex10' loaded for size
(Font)              <12> on input line 115.
LaTeX Font Info:    External font `lmex10' loaded for size
(Font)              <8> on input line 115.
LaTeX Font Info:    External font `lmex10' loaded for size
(Font)              <6> on input line 115.
LaTeX Font Info:    Trying to load font information for U+msa on input line 115.
(c:/Users/LUMUMBA/AppData/Roaming/TinyTeX/texmf-dist/tex/latex/amsfonts/umsa.fd
File: umsa.fd 2013/01/14 v3.01 AMS symbols A
)
LaTeX Font Info:    Trying to load font information for U+msb on input line 115.
(c:/Users/LUMUMBA/AppData/Roaming/TinyTeX/texmf-dist/tex/latex/amsfonts/umsb.fd
File: umsb.fd 2013/01/14 v3.01 AMS symbols B
)
No file kNN-Logistic-and-Support-Vector-Machine.toc.
\tf@toc=\write4
\openout4 = `kNN-Logistic-and-Support-Vector-Machine.toc'.

LaTeX Font Info:    Trying to load font information for T1+lmtt on input line 140.
(c:/Users/LUMUMBA/AppData/Roaming/TinyTeX/texmf-dist/tex/latex/lm/t1lmtt.fd
File: t1lmtt.fd 2015/05/01 v1.6.1 Font defs for Latin Modern
)
LaTeX Font Info:    Font shape `T1/lmtt/bx/n' in size <10> not available
(Font)              Font shape `T1/lmtt/b/n' tried instead on input line 141.
[1

{c:/Users/LUMUMBA/AppData/Roaming/TinyTeX/texmf-var/fonts/map/pdftex/updmap/pdftex.map}{c:/Users/LUMUMBA/AppData/Roaming/TinyTeX/texmf-dist/fonts/enc/dvips/lm/lm-ec.enc}] [2] [3] [4] [5] [6] [7] [8]
Overfull \hbox (265.24284pt too wide) in paragraph at lines 909--909
[]                                                                                                                                       \T1/lmtt/m/n/10 films[] 
 []


Overfull \hbox (265.24284pt too wide) in paragraph at lines 909--909
[]\T1/lmtt/m/n/10 1                                            A New Hope, The Empire Strikes Back, Return of the Jedi, Revenge of the Sith, The Force Awakens[] 
 []


Overfull \hbox (265.24284pt too wide) in paragraph at lines 909--909
[]\T1/lmtt/m/n/10 2                     A New Hope, The Empire Strikes Back, Return of the Jedi, The Phantom Menace, Attack of the Clones, Revenge of the Sith[] 
 []


Overfull \hbox (265.24284pt too wide) in paragraph at lines 909--909
[]\T1/lmtt/m/n/10 3  A New Hope, The Empire Strikes Back, Return of the Jedi, The Phantom Menace, Attack of the Clones, Revenge of the Sith, The Force Awakens[] 
 []


Overfull \hbox (265.24284pt too wide) in paragraph at lines 909--909
[]\T1/lmtt/m/n/10 4                                                               A New Hope, The Empire Strikes Back, Return of the Jedi, Revenge of the Sith[] 
 []


Overfull \hbox (265.24284pt too wide) in paragraph at lines 909--909
[]\T1/lmtt/m/n/10 5                                            A New Hope, The Empire Strikes Back, Return of the Jedi, Revenge of the Sith, The Force Awakens[] 
 []


Overfull \hbox (265.24284pt too wide) in paragraph at lines 909--909
[]\T1/lmtt/m/n/10 6                                                                                      A New Hope, Attack of the Clones, Revenge of the Sith[] 
 []


Overfull \hbox (265.24284pt too wide) in paragraph at lines 909--909
[]\T1/lmtt/m/n/10 7                                                                                      A New Hope, Attack of the Clones, Revenge of the Sith[] 
 []


Overfull \hbox (265.24284pt too wide) in paragraph at lines 909--909
[]\T1/lmtt/m/n/10 8                                                                                                                                 A New Hope[] 
 []


Overfull \hbox (265.24284pt too wide) in paragraph at lines 909--909
[]\T1/lmtt/m/n/10 9                                                                                                                                 A New Hope[] 
 []


Overfull \hbox (265.24284pt too wide) in paragraph at lines 909--909
[]\T1/lmtt/m/n/10 10                    A New Hope, The Empire Strikes Back, Return of the Jedi, The Phantom Menace, Attack of the Clones, Revenge of the Sith[] 
 []


Overfull \hbox (265.24284pt too wide) in paragraph at lines 909--909
[]\T1/lmtt/m/n/10 11                                                                             The Phantom Menace, Attack of the Clones, Revenge of the Sith[] 
 []


Overfull \hbox (265.24284pt too wide) in paragraph at lines 909--909
[]\T1/lmtt/m/n/10 12                                                                                                           A New Hope, Revenge of the Sith[] 
 []


Overfull \hbox (265.24284pt too wide) in paragraph at lines 909--909
[]\T1/lmtt/m/n/10 13                                           A New Hope, The Empire Strikes Back, Return of the Jedi, Revenge of the Sith, The Force Awakens[] 
 []


Overfull \hbox (265.24284pt too wide) in paragraph at lines 909--909
[]\T1/lmtt/m/n/10 14                                                                A New Hope, The Empire Strikes Back, Return of the Jedi, The Force Awakens[] 
 []


Overfull \hbox (265.24284pt too wide) in paragraph at lines 909--909
[]\T1/lmtt/m/n/10 15                                                                                                                                A New Hope[] 
 []


Overfull \hbox (265.24284pt too wide) in paragraph at lines 909--909
[]\T1/lmtt/m/n/10 16                                                                                        A New Hope, Return of the Jedi, The Phantom Menace[] 
 []


Overfull \hbox (265.24284pt too wide) in paragraph at lines 909--909
[]\T1/lmtt/m/n/10 17                                                                                   A New Hope, The Empire Strikes Back, Return of the Jedi[] 
 []


Overfull \hbox (265.24284pt too wide) in paragraph at lines 909--909
[]\T1/lmtt/m/n/10 18                                                                                                                                A New Hope[] 
 []


Overfull \hbox (265.24284pt too wide) in paragraph at lines 909--909
[]\T1/lmtt/m/n/10 19                                The Empire Strikes Back, Return of the Jedi, The Phantom Menace, Attack of the Clones, Revenge of the Sith[] 
 []


Overfull \hbox (265.24284pt too wide) in paragraph at lines 909--909
[]\T1/lmtt/m/n/10 20                                The Empire Strikes Back, Return of the Jedi, The Phantom Menace, Attack of the Clones, Revenge of the Sith[] 
 []


Overfull \hbox (265.24284pt too wide) in paragraph at lines 909--909
[]\T1/lmtt/m/n/10 21                                                                         The Empire Strikes Back, Return of the Jedi, Attack of the Clones[] 
 []


Overfull \hbox (265.24284pt too wide) in paragraph at lines 909--909
[]\T1/lmtt/m/n/10 22                                                                                                                   The Empire Strikes Back[] 
 []


Overfull \hbox (265.24284pt too wide) in paragraph at lines 909--909
[]\T1/lmtt/m/n/10 23                                                                                                                   The Empire Strikes Back[] 
 []


Overfull \hbox (265.24284pt too wide) in paragraph at lines 909--909
[]\T1/lmtt/m/n/10 24                                                                                               The Empire Strikes Back, Return of the Jedi[] 
 []


Overfull \hbox (265.24284pt too wide) in paragraph at lines 909--909
[]\T1/lmtt/m/n/10 25                                                                                                                   The Empire Strikes Back[] 
 []

[9]
Overfull \hbox (265.24284pt too wide) in paragraph at lines 909--909
[]\T1/lmtt/m/n/10 26                                                                                                     Return of the Jedi, The Force Awakens[] 
 []


Overfull \hbox (265.24284pt too wide) in paragraph at lines 909--909
[]\T1/lmtt/m/n/10 27                                                                                                                        Return of the Jedi[] 
 []


Overfull \hbox (265.24284pt too wide) in paragraph at lines 909--909
[]\T1/lmtt/m/n/10 28                                                                                                                        Return of the Jedi[] 
 []


Overfull \hbox (265.24284pt too wide) in paragraph at lines 909--909
[]\T1/lmtt/m/n/10 29                                                                                                                        Return of the Jedi[] 
 []


Overfull \hbox (265.24284pt too wide) in paragraph at lines 909--909
[]\T1/lmtt/m/n/10 30                                                                                                                        Return of the Jedi[] 
 []


Overfull \hbox (265.24284pt too wide) in paragraph at lines 909--909
[]\T1/lmtt/m/n/10 31                                                                                                                        The Phantom Menace[] 
 []


Overfull \hbox (265.24284pt too wide) in paragraph at lines 909--909
[]\T1/lmtt/m/n/10 32                                                                             The Phantom Menace, Attack of the Clones, Revenge of the Sith[] 
 []


Overfull \hbox (265.24284pt too wide) in paragraph at lines 909--909
[]\T1/lmtt/m/n/10 33                                                                                                                        The Phantom Menace[] 
 []


Overfull \hbox (265.24284pt too wide) in paragraph at lines 909--909
[]\T1/lmtt/m/n/10 34                                                                             The Phantom Menace, Attack of the Clones, Revenge of the Sith[] 
 []


Overfull \hbox (265.24284pt too wide) in paragraph at lines 909--909
[]\T1/lmtt/m/n/10 35                                                                                                  The Phantom Menace, Attack of the Clones[] 
 []


Overfull \hbox (265.24284pt too wide) in paragraph at lines 909--909
[]\T1/lmtt/m/n/10 36                                                                                                                        The Phantom Menace[] 
 []


Overfull \hbox (265.24284pt too wide) in paragraph at lines 909--909
[]\T1/lmtt/m/n/10 37                                                                                                                        The Phantom Menace[] 
 []


Overfull \hbox (265.24284pt too wide) in paragraph at lines 909--909
[]\T1/lmtt/m/n/10 38                                                                                                                        The Phantom Menace[] 
 []


Overfull \hbox (265.24284pt too wide) in paragraph at lines 909--909
[]\T1/lmtt/m/n/10 39                                                                                                  The Phantom Menace, Attack of the Clones[] 
 []


Overfull \hbox (265.24284pt too wide) in paragraph at lines 909--909
[]\T1/lmtt/m/n/10 40                                                                                                                        The Phantom Menace[] 
 []


Overfull \hbox (265.24284pt too wide) in paragraph at lines 909--909
[]\T1/lmtt/m/n/10 41                                                                                                                        The Phantom Menace[] 
 []


Overfull \hbox (265.24284pt too wide) in paragraph at lines 909--909
[]\T1/lmtt/m/n/10 42                                                                                                  The Phantom Menace, Attack of the Clones[] 
 []


Overfull \hbox (265.24284pt too wide) in paragraph at lines 909--909
[]\T1/lmtt/m/n/10 43                                                                                                                        The Phantom Menace[] 
 []


Overfull \hbox (265.24284pt too wide) in paragraph at lines 909--909
[]\T1/lmtt/m/n/10 44                                                                                                                        Return of the Jedi[] 
 []


Overfull \hbox (265.24284pt too wide) in paragraph at lines 909--909
[]\T1/lmtt/m/n/10 45                                                                             The Phantom Menace, Attack of the Clones, Revenge of the Sith[] 
 []


Overfull \hbox (265.24284pt too wide) in paragraph at lines 909--909
[]\T1/lmtt/m/n/10 46                                                                                                                        The Phantom Menace[] 
 []


Overfull \hbox (265.24284pt too wide) in paragraph at lines 909--909
[]\T1/lmtt/m/n/10 47                                                                                                                        The Phantom Menace[] 
 []


Overfull \hbox (265.24284pt too wide) in paragraph at lines 909--909
[]\T1/lmtt/m/n/10 48                                                                                                                        The Phantom Menace[] 
 []


Overfull \hbox (265.24284pt too wide) in paragraph at lines 909--909
[]\T1/lmtt/m/n/10 49                                                                                                                        The Phantom Menace[] 
 []


Overfull \hbox (265.24284pt too wide) in paragraph at lines 909--909
[]\T1/lmtt/m/n/10 50                                                                             The Phantom Menace, Attack of the Clones, Revenge of the Sith[] 
 []


Overfull \hbox (265.24284pt too wide) in paragraph at lines 909--909
[]\T1/lmtt/m/n/10 51                                                                             The Phantom Menace, Attack of the Clones, Revenge of the Sith[] 
 []


Overfull \hbox (265.24284pt too wide) in paragraph at lines 909--909
[]\T1/lmtt/m/n/10 52                                                                             The Phantom Menace, Attack of the Clones, Revenge of the Sith[] 
 []


Overfull \hbox (265.24284pt too wide) in paragraph at lines 909--909
[]\T1/lmtt/m/n/10 53                                                                                                   The Phantom Menace, Revenge of the Sith[] 
 []


Overfull \hbox (265.24284pt too wide) in paragraph at lines 909--909
[]\T1/lmtt/m/n/10 54                                                                                                   The Phantom Menace, Revenge of the Sith[] 
 []


Overfull \hbox (265.24284pt too wide) in paragraph at lines 909--909
[]\T1/lmtt/m/n/10 55                                                                                                   The Phantom Menace, Revenge of the Sith[] 
 []


Overfull \hbox (265.24284pt too wide) in paragraph at lines 909--909
[]\T1/lmtt/m/n/10 56                                                                                                                        The Phantom Menace[] 
 []


Overfull \hbox (265.24284pt too wide) in paragraph at lines 909--909
[]\T1/lmtt/m/n/10 57                                                                             The Phantom Menace, Attack of the Clones, Revenge of the Sith[] 
 []


Overfull \hbox (265.24284pt too wide) in paragraph at lines 909--909
[]\T1/lmtt/m/n/10 58                                                                                                  The Phantom Menace, Attack of the Clones[] 
 []


Overfull \hbox (265.24284pt too wide) in paragraph at lines 909--909
[]\T1/lmtt/m/n/10 59                                                                                                                      Attack of the Clones[] 
 []


Overfull \hbox (265.24284pt too wide) in paragraph at lines 909--909
[]\T1/lmtt/m/n/10 60                                                                                                                      Attack of the Clones[] 
 []


Overfull \hbox (265.24284pt too wide) in paragraph at lines 909--909
[]\T1/lmtt/m/n/10 61                                                                                                                      Attack of the Clones[] 
 []


Overfull \hbox (265.24284pt too wide) in paragraph at lines 909--909
[]\T1/lmtt/m/n/10 62                                                                                                 Attack of the Clones, Revenge of the Sith[] 
 []


Overfull \hbox (265.24284pt too wide) in paragraph at lines 909--909
[]\T1/lmtt/m/n/10 63                                                                                                 Attack of the Clones, Revenge of the Sith[] 
 []


Overfull \hbox (265.24284pt too wide) in paragraph at lines 909--909
[]\T1/lmtt/m/n/10 64                                                                                                                      Attack of the Clones[] 
 []


Overfull \hbox (265.24284pt too wide) in paragraph at lines 909--909
[]\T1/lmtt/m/n/10 65                                                                                                                      Attack of the Clones[] 
 []


Overfull \hbox (265.24284pt too wide) in paragraph at lines 909--909
[]\T1/lmtt/m/n/10 66                                                                                                 Attack of the Clones, Revenge of the Sith[] 
 []


Overfull \hbox (265.24284pt too wide) in paragraph at lines 909--909
[]\T1/lmtt/m/n/10 67                                                                                                 Attack of the Clones, Revenge of the Sith[] 
 []


Overfull \hbox (265.24284pt too wide) in paragraph at lines 909--909
[]\T1/lmtt/m/n/10 68                                                                                                                      Attack of the Clones[] 
 []


Overfull \hbox (265.24284pt too wide) in paragraph at lines 909--909
[]\T1/lmtt/m/n/10 69                                                                                                                      Attack of the Clones[] 
 []


Overfull \hbox (265.24284pt too wide) in paragraph at lines 909--909
[]\T1/lmtt/m/n/10 70                                                                                                                      Attack of the Clones[] 
 []


Overfull \hbox (265.24284pt too wide) in paragraph at lines 909--909
[]\T1/lmtt/m/n/10 71                                                                                                                      Attack of the Clones[] 
 []


Overfull \hbox (265.24284pt too wide) in paragraph at lines 909--909
[]\T1/lmtt/m/n/10 72                                                                                                                      Attack of the Clones[] 
 []


Overfull \hbox (265.24284pt too wide) in paragraph at lines 909--909
[]\T1/lmtt/m/n/10 73                                                                                                                      Attack of the Clones[] 
 []


Overfull \hbox (265.24284pt too wide) in paragraph at lines 909--909
[]\T1/lmtt/m/n/10 74                                                                                                 Attack of the Clones, Revenge of the Sith[] 
 []


Overfull \hbox (265.24284pt too wide) in paragraph at lines 909--909
[]\T1/lmtt/m/n/10 75                                                                                                                      Attack of the Clones[] 
 []


Overfull \hbox (265.24284pt too wide) in paragraph at lines 909--909
[]\T1/lmtt/m/n/10 76                                                                                                                      Attack of the Clones[] 
 []


Overfull \hbox (265.24284pt too wide) in paragraph at lines 909--909
[]\T1/lmtt/m/n/10 77                                                                                                 Attack of the Clones, Revenge of the Sith[] 
 []


Overfull \hbox (265.24284pt too wide) in paragraph at lines 909--909
[]\T1/lmtt/m/n/10 78                                                                                                                       Revenge of the Sith[] 
 []


Overfull \hbox (265.24284pt too wide) in paragraph at lines 909--909
[]\T1/lmtt/m/n/10 79                                                                                                                       Revenge of the Sith[] 
 []

[10]
Overfull \hbox (265.24284pt too wide) in paragraph at lines 909--909
[]\T1/lmtt/m/n/10 80                                                                                                           A New Hope, Revenge of the Sith[] 
 []


Overfull \hbox (265.24284pt too wide) in paragraph at lines 909--909
[]\T1/lmtt/m/n/10 81                                                                                                 Attack of the Clones, Revenge of the Sith[] 
 []


Overfull \hbox (265.24284pt too wide) in paragraph at lines 909--909
[]\T1/lmtt/m/n/10 82                                                                                                                       Revenge of the Sith[] 
 []


Overfull \hbox (265.24284pt too wide) in paragraph at lines 909--909
[]\T1/lmtt/m/n/10 83                                                                                                                         The Force Awakens[] 
 []


Overfull \hbox (265.24284pt too wide) in paragraph at lines 909--909
[]\T1/lmtt/m/n/10 84                                                                                                                         The Force Awakens[] 
 []


Overfull \hbox (265.24284pt too wide) in paragraph at lines 909--909
[]\T1/lmtt/m/n/10 85                                                                                                                         The Force Awakens[] 
 []


Overfull \hbox (265.24284pt too wide) in paragraph at lines 909--909
[]\T1/lmtt/m/n/10 86                                                                                                                         The Force Awakens[] 
 []


Overfull \hbox (265.24284pt too wide) in paragraph at lines 909--909
[]\T1/lmtt/m/n/10 87                                                                                                                         The Force Awakens[] 
 []

[11]
Overfull \hbox (91.99335pt too wide) in paragraph at lines 909--909
[]                                                                                                  \T1/lmtt/m/n/10 starships[] 
 []


Overfull \hbox (91.99335pt too wide) in paragraph at lines 909--909
[]\T1/lmtt/m/n/10 1                                                                                  X-wing, Imperial shuttle[] 
 []


Overfull \hbox (91.99335pt too wide) in paragraph at lines 909--909
[]\T1/lmtt/m/n/10 4                                                                                           TIE Advanced x1[] 
 []


Overfull \hbox (91.99335pt too wide) in paragraph at lines 909--909
[]\T1/lmtt/m/n/10 9                                                                                                    X-wing[] 
 []


Overfull \hbox (91.99335pt too wide) in paragraph at lines 909--909
[]\T1/lmtt/m/n/10 10 Jedi starfighter, Trade Federation cruiser, Naboo star skiff, Jedi Interceptor, Belbullab-22 starfighter[] 
 []


Overfull \hbox (91.99335pt too wide) in paragraph at lines 909--909
[]\T1/lmtt/m/n/10 11                                                Naboo fighter, Trade Federation cruiser, Jedi Interceptor[] 
 []

[12]
Overfull \hbox (91.99335pt too wide) in paragraph at lines 909--909
[]\T1/lmtt/m/n/10 13                                                                      Millennium Falcon, Imperial shuttle[] 
 []


Overfull \hbox (91.99335pt too wide) in paragraph at lines 909--909
[]\T1/lmtt/m/n/10 14                                                                      Millennium Falcon, Imperial shuttle[] 
 []


Overfull \hbox (91.99335pt too wide) in paragraph at lines 909--909
[]\T1/lmtt/m/n/10 17                                                                                                   X-wing[] 
 []


Overfull \hbox (91.99335pt too wide) in paragraph at lines 909--909
[]\T1/lmtt/m/n/10 18                                                                                                   X-wing[] 
 []


Overfull \hbox (91.99335pt too wide) in paragraph at lines 909--909
[]\T1/lmtt/m/n/10 21                                                                                                  Slave 1[] 
 []


Overfull \hbox (91.99335pt too wide) in paragraph at lines 909--909
[]\T1/lmtt/m/n/10 24                                                                                        Millennium Falcon[] 
 []


Overfull \hbox (91.99335pt too wide) in paragraph at lines 909--909
[]\T1/lmtt/m/n/10 28                                                                                                   A-wing[] 
 []


Overfull \hbox (91.99335pt too wide) in paragraph at lines 909--909
[]\T1/lmtt/m/n/10 30                                                                                        Millennium Falcon[] 
 []


Overfull \hbox (91.99335pt too wide) in paragraph at lines 909--909
[]\T1/lmtt/m/n/10 34                                                     Naboo fighter, H-type Nubian yacht, Naboo star skiff[] 
 []


Overfull \hbox (91.99335pt too wide) in paragraph at lines 909--909
[]\T1/lmtt/m/n/10 38                                                                                     Naboo Royal Starship[] 
 []


Overfull \hbox (91.99335pt too wide) in paragraph at lines 909--909
[]\T1/lmtt/m/n/10 43                                                                                                 Scimitar[] 
 []


Overfull \hbox (91.99335pt too wide) in paragraph at lines 909--909
[]\T1/lmtt/m/n/10 57                                                                                         Jedi starfighter[] 
 []


Overfull \hbox (91.99335pt too wide) in paragraph at lines 909--909
[]\T1/lmtt/m/n/10 59                                                                                            Naboo fighter[] 
 []

[13]
Overfull \hbox (91.99335pt too wide) in paragraph at lines 909--909
[]\T1/lmtt/m/n/10 78                                                                                 Belbullab-22 starfighter[] 
 []


Overfull \hbox (91.99335pt too wide) in paragraph at lines 909--909
[]\T1/lmtt/m/n/10 85                                                                                                   X-wing[] 
 []

[14] [15] [16] [17] [18] [19] [20] [21] [22]
<kNN-Logistic-and-Support-Vector-Machine_files/figure-latex/unnamed-chunk-29-1.pdf, id=122, 433.62pt x 289.08pt>
File: kNN-Logistic-and-Support-Vector-Machine_files/figure-latex/unnamed-chunk-29-1.pdf Graphic file (type pdf)
<use kNN-Logistic-and-Support-Vector-Machine_files/figure-latex/unnamed-chunk-29-1.pdf>
Package pdftex.def Info: kNN-Logistic-and-Support-Vector-Machine_files/figure-latex/unnamed-chunk-29-1.pdf  used on input line 1522.
(pdftex.def)             Requested size: 433.63878pt x 289.09251pt.
[23 <./kNN-Logistic-and-Support-Vector-Machine_files/figure-latex/unnamed-chunk-29-1.pdf>]
<kNN-Logistic-and-Support-Vector-Machine_files/figure-latex/unnamed-chunk-30-1.pdf, id=135, 433.62pt x 289.08pt>
File: kNN-Logistic-and-Support-Vector-Machine_files/figure-latex/unnamed-chunk-30-1.pdf Graphic file (type pdf)
<use kNN-Logistic-and-Support-Vector-Machine_files/figure-latex/unnamed-chunk-30-1.pdf>
Package pdftex.def Info: kNN-Logistic-and-Support-Vector-Machine_files/figure-latex/unnamed-chunk-30-1.pdf  used on input line 1540.
(pdftex.def)             Requested size: 433.63878pt x 289.09251pt.
<kNN-Logistic-and-Support-Vector-Machine_files/figure-latex/unnamed-chunk-31-1.pdf, id=136, 433.62pt x 289.08pt>
File: kNN-Logistic-and-Support-Vector-Machine_files/figure-latex/unnamed-chunk-31-1.pdf Graphic file (type pdf)
<use kNN-Logistic-and-Support-Vector-Machine_files/figure-latex/unnamed-chunk-31-1.pdf>
Package pdftex.def Info: kNN-Logistic-and-Support-Vector-Machine_files/figure-latex/unnamed-chunk-31-1.pdf  used on input line 1554.
(pdftex.def)             Requested size: 433.63878pt x 289.09251pt.
[24 <./kNN-Logistic-and-Support-Vector-Machine_files/figure-latex/unnamed-chunk-30-1.pdf>]
<kNN-Logistic-and-Support-Vector-Machine_files/figure-latex/unnamed-chunk-31-2.pdf, id=151, 433.62pt x 289.08pt>
File: kNN-Logistic-and-Support-Vector-Machine_files/figure-latex/unnamed-chunk-31-2.pdf Graphic file (type pdf)
<use kNN-Logistic-and-Support-Vector-Machine_files/figure-latex/unnamed-chunk-31-2.pdf>
Package pdftex.def Info: kNN-Logistic-and-Support-Vector-Machine_files/figure-latex/unnamed-chunk-31-2.pdf  used on input line 1564.
(pdftex.def)             Requested size: 433.63878pt x 289.09251pt.
[25 <./kNN-Logistic-and-Support-Vector-Machine_files/figure-latex/unnamed-chunk-31-1.pdf> <./kNN-Logistic-and-Support-Vector-Machine_files/figure-latex/unnamed-chunk-31-2.pdf>]
<kNN-Logistic-and-Support-Vector-Machine_files/figure-latex/unnamed-chunk-32-1.pdf, id=167, 433.62pt x 289.08pt>
File: kNN-Logistic-and-Support-Vector-Machine_files/figure-latex/unnamed-chunk-32-1.pdf Graphic file (type pdf)
<use kNN-Logistic-and-Support-Vector-Machine_files/figure-latex/unnamed-chunk-32-1.pdf>
Package pdftex.def Info: kNN-Logistic-and-Support-Vector-Machine_files/figure-latex/unnamed-chunk-32-1.pdf  used on input line 1584.
(pdftex.def)             Requested size: 433.63878pt x 289.09251pt.
[26 <./kNN-Logistic-and-Support-Vector-Machine_files/figure-latex/unnamed-chunk-32-1.pdf>] [27] [28] [29]
<pic.png, id=196, 469.755pt x 240.9pt>
File: pic.png Graphic file (type png)
<use pic.png>
Package pdftex.def Info: pic.png  used on input line 1868.
(pdftex.def)             Requested size: 469.76819pt x 240.90674pt.
[30 <./pic.png>]
LaTeX Font Info:    Trying to load font information for TS1+lmr on input line 1897.
(c:/Users/LUMUMBA/AppData/Roaming/TinyTeX/texmf-dist/tex/latex/lm/ts1lmr.fd
File: ts1lmr.fd 2015/05/01 v1.6.1 Font defs for Latin Modern
) [31{c:/Users/LUMUMBA/AppData/Roaming/TinyTeX/texmf-dist/fonts/enc/dvips/lm/lm-ts1.enc}]
<kNN-Logistic-and-Support-Vector-Machine_files/figure-latex/unnamed-chunk-48-1.pdf, id=211, 433.62pt x 289.08pt>
File: kNN-Logistic-and-Support-Vector-Machine_files/figure-latex/unnamed-chunk-48-1.pdf Graphic file (type pdf)
<use kNN-Logistic-and-Support-Vector-Machine_files/figure-latex/unnamed-chunk-48-1.pdf>
Package pdftex.def Info: kNN-Logistic-and-Support-Vector-Machine_files/figure-latex/unnamed-chunk-48-1.pdf  used on input line 2033.
(pdftex.def)             Requested size: 433.63878pt x 289.09251pt.
[32]
<kNN-Logistic-and-Support-Vector-Machine_files/figure-latex/unnamed-chunk-49-1.pdf, id=218, 433.62pt x 289.08pt>
File: kNN-Logistic-and-Support-Vector-Machine_files/figure-latex/unnamed-chunk-49-1.pdf Graphic file (type pdf)
<use kNN-Logistic-and-Support-Vector-Machine_files/figure-latex/unnamed-chunk-49-1.pdf>
Package pdftex.def Info: kNN-Logistic-and-Support-Vector-Machine_files/figure-latex/unnamed-chunk-49-1.pdf  used on input line 2052.
(pdftex.def)             Requested size: 433.63878pt x 289.09251pt.
[33 <./kNN-Logistic-and-Support-Vector-Machine_files/figure-latex/unnamed-chunk-48-1.pdf>] [34 <./kNN-Logistic-and-Support-Vector-Machine_files/figure-latex/unnamed-chunk-49-1.pdf>]
<kNN-Logistic-and-Support-Vector-Machine_files/figure-latex/unnamed-chunk-52-1.pdf, id=241, 433.62pt x 289.08pt>
File: kNN-Logistic-and-Support-Vector-Machine_files/figure-latex/unnamed-chunk-52-1.pdf Graphic file (type pdf)
<use kNN-Logistic-and-Support-Vector-Machine_files/figure-latex/unnamed-chunk-52-1.pdf>
Package pdftex.def Info: kNN-Logistic-and-Support-Vector-Machine_files/figure-latex/unnamed-chunk-52-1.pdf  used on input line 2137.
(pdftex.def)             Requested size: 433.63878pt x 289.09251pt.
[35 <./kNN-Logistic-and-Support-Vector-Machine_files/figure-latex/unnamed-chunk-52-1.pdf>] [36] [37]
<kNN-Logistic-and-Support-Vector-Machine_files/figure-latex/unnamed-chunk-56-1.pdf, id=269, 433.62pt x 289.08pt>
File: kNN-Logistic-and-Support-Vector-Machine_files/figure-latex/unnamed-chunk-56-1.pdf Graphic file (type pdf)
<use kNN-Logistic-and-Support-Vector-Machine_files/figure-latex/unnamed-chunk-56-1.pdf>
Package pdftex.def Info: kNN-Logistic-and-Support-Vector-Machine_files/figure-latex/unnamed-chunk-56-1.pdf  used on input line 2293.
(pdftex.def)             Requested size: 433.63878pt x 289.09251pt.
<kNN-Logistic-and-Support-Vector-Machine_files/figure-latex/unnamed-chunk-56-2.pdf, id=270, 433.62pt x 289.08pt>
File: kNN-Logistic-and-Support-Vector-Machine_files/figure-latex/unnamed-chunk-56-2.pdf Graphic file (type pdf)
<use kNN-Logistic-and-Support-Vector-Machine_files/figure-latex/unnamed-chunk-56-2.pdf>
Package pdftex.def Info: kNN-Logistic-and-Support-Vector-Machine_files/figure-latex/unnamed-chunk-56-2.pdf  used on input line 2303.
(pdftex.def)             Requested size: 433.63878pt x 289.09251pt.
[38 <./kNN-Logistic-and-Support-Vector-Machine_files/figure-latex/unnamed-chunk-56-1.pdf>]
<kNN-Logistic-and-Support-Vector-Machine_files/figure-latex/unnamed-chunk-56-3.pdf, id=281, 433.62pt x 289.08pt>
File: kNN-Logistic-and-Support-Vector-Machine_files/figure-latex/unnamed-chunk-56-3.pdf Graphic file (type pdf)
<use kNN-Logistic-and-Support-Vector-Machine_files/figure-latex/unnamed-chunk-56-3.pdf>
Package pdftex.def Info: kNN-Logistic-and-Support-Vector-Machine_files/figure-latex/unnamed-chunk-56-3.pdf  used on input line 2313.
(pdftex.def)             Requested size: 433.63878pt x 289.09251pt.
[39 <./kNN-Logistic-and-Support-Vector-Machine_files/figure-latex/unnamed-chunk-56-2.pdf> <./kNN-Logistic-and-Support-Vector-Machine_files/figure-latex/unnamed-chunk-56-3.pdf>] [40] [41] [42] [43] [44] [45] [46] [47] [48] [49] [50] [51] [52] [53] [54] [55] [56] [57]
<kNN-Logistic-and-Support-Vector-Machine_files/figure-latex/unnamed-chunk-81-1.pdf, id=396, 433.62pt x 289.08pt>
File: kNN-Logistic-and-Support-Vector-Machine_files/figure-latex/unnamed-chunk-81-1.pdf Graphic file (type pdf)
<use kNN-Logistic-and-Support-Vector-Machine_files/figure-latex/unnamed-chunk-81-1.pdf>
Package pdftex.def Info: kNN-Logistic-and-Support-Vector-Machine_files/figure-latex/unnamed-chunk-81-1.pdf  used on input line 3580.
(pdftex.def)             Requested size: 433.63878pt x 289.09251pt.
[58] [59 <./kNN-Logistic-and-Support-Vector-Machine_files/figure-latex/unnamed-chunk-81-1.pdf>] [60] [61] [62] [63] [64]
<kNN-Logistic-and-Support-Vector-Machine_files/figure-latex/unnamed-chunk-94-1.pdf, id=447, 433.62pt x 289.08pt>
File: kNN-Logistic-and-Support-Vector-Machine_files/figure-latex/unnamed-chunk-94-1.pdf Graphic file (type pdf)
<use kNN-Logistic-and-Support-Vector-Machine_files/figure-latex/unnamed-chunk-94-1.pdf>
Package pdftex.def Info: kNN-Logistic-and-Support-Vector-Machine_files/figure-latex/unnamed-chunk-94-1.pdf  used on input line 4009.
(pdftex.def)             Requested size: 433.63878pt x 289.09251pt.
<kNN-Logistic-and-Support-Vector-Machine_files/figure-latex/unnamed-chunk-95-1.pdf, id=448, 433.62pt x 289.08pt>
File: kNN-Logistic-and-Support-Vector-Machine_files/figure-latex/unnamed-chunk-95-1.pdf Graphic file (type pdf)
<use kNN-Logistic-and-Support-Vector-Machine_files/figure-latex/unnamed-chunk-95-1.pdf>
Package pdftex.def Info: kNN-Logistic-and-Support-Vector-Machine_files/figure-latex/unnamed-chunk-95-1.pdf  used on input line 4038.
(pdftex.def)             Requested size: 433.63878pt x 289.09251pt.
[65 <./kNN-Logistic-and-Support-Vector-Machine_files/figure-latex/unnamed-chunk-94-1.pdf>]
<kNN-Logistic-and-Support-Vector-Machine_files/figure-latex/unnamed-chunk-96-1.pdf, id=458, 433.62pt x 289.08pt>
File: kNN-Logistic-and-Support-Vector-Machine_files/figure-latex/unnamed-chunk-96-1.pdf Graphic file (type pdf)
<use kNN-Logistic-and-Support-Vector-Machine_files/figure-latex/unnamed-chunk-96-1.pdf>
Package pdftex.def Info: kNN-Logistic-and-Support-Vector-Machine_files/figure-latex/unnamed-chunk-96-1.pdf  used on input line 4051.
(pdftex.def)             Requested size: 433.63878pt x 289.09251pt.
[66 <./kNN-Logistic-and-Support-Vector-Machine_files/figure-latex/unnamed-chunk-95-1.pdf>]
<kNN-Logistic-and-Support-Vector-Machine_files/figure-latex/unnamed-chunk-97-1.pdf, id=468, 433.62pt x 289.08pt>
File: kNN-Logistic-and-Support-Vector-Machine_files/figure-latex/unnamed-chunk-97-1.pdf Graphic file (type pdf)
<use kNN-Logistic-and-Support-Vector-Machine_files/figure-latex/unnamed-chunk-97-1.pdf>
Package pdftex.def Info: kNN-Logistic-and-Support-Vector-Machine_files/figure-latex/unnamed-chunk-97-1.pdf  used on input line 4064.
(pdftex.def)             Requested size: 433.63878pt x 289.09251pt.
[67 <./kNN-Logistic-and-Support-Vector-Machine_files/figure-latex/unnamed-chunk-96-1.pdf>] [68 <./kNN-Logistic-and-Support-Vector-Machine_files/figure-latex/unnamed-chunk-97-1.pdf>] [69]
LaTeX Font Info:    External font `lmex10' loaded for size
(Font)              <10> on input line 4293.
LaTeX Font Info:    External font `lmex10' loaded for size
(Font)              <7> on input line 4293.
LaTeX Font Info:    External font `lmex10' loaded for size
(Font)              <5> on input line 4293.
[70] [71] [72] [73] [74] [75]

LaTeX Font Warning: Font shape `T1/lmtt/bx/it' in size <10> not available
(Font)              Font shape `T1/lmtt/b/sl' tried instead on input line 4714.

[76] [77]
<kNN-Logistic-and-Support-Vector-Machine_files/figure-latex/unnamed-chunk-115-1.pdf, id=559, 578.16pt x 361.35pt>
File: kNN-Logistic-and-Support-Vector-Machine_files/figure-latex/unnamed-chunk-115-1.pdf Graphic file (type pdf)
<use kNN-Logistic-and-Support-Vector-Machine_files/figure-latex/unnamed-chunk-115-1.pdf>
Package pdftex.def Info: kNN-Logistic-and-Support-Vector-Machine_files/figure-latex/unnamed-chunk-115-1.pdf  used on input line 4854.
(pdftex.def)             Requested size: 469.75385pt x 293.59616pt.
[78] [79 <./kNN-Logistic-and-Support-Vector-Machine_files/figure-latex/unnamed-chunk-115-1.pdf>]
<kNN-Logistic-and-Support-Vector-Machine_files/figure-latex/unnamed-chunk-118-1.pdf, id=579, 505.89pt x 361.35pt>
File: kNN-Logistic-and-Support-Vector-Machine_files/figure-latex/unnamed-chunk-118-1.pdf Graphic file (type pdf)
<use kNN-Logistic-and-Support-Vector-Machine_files/figure-latex/unnamed-chunk-118-1.pdf>
Package pdftex.def Info: kNN-Logistic-and-Support-Vector-Machine_files/figure-latex/unnamed-chunk-118-1.pdf  used on input line 4944.
(pdftex.def)             Requested size: 469.76265pt x 335.54477pt.
[80] [81 <./kNN-Logistic-and-Support-Vector-Machine_files/figure-latex/unnamed-chunk-118-1.pdf>] [82] [83] [84] [85{c:/Users/LUMUMBA/AppData/Roaming/TinyTeX/texmf-dist/fonts/enc/dvips/lm/lm-mathit.enc}{c:/Users/LUMUMBA/AppData/Roaming/TinyTeX/texmf-dist/fonts/enc/dvips/lm/lm-rm.enc}{c:/Users/LUMUMBA/AppData/Roaming/TinyTeX/texmf-dist/fonts/enc/dvips/lm/lm-mathsy.enc}] [86] [87] [88]
<kNN-Logistic-and-Support-Vector-Machine_files/figure-latex/unnamed-chunk-131-1.pdf, id=649, 722.7pt x 433.62pt>
File: kNN-Logistic-and-Support-Vector-Machine_files/figure-latex/unnamed-chunk-131-1.pdf Graphic file (type pdf)
<use kNN-Logistic-and-Support-Vector-Machine_files/figure-latex/unnamed-chunk-131-1.pdf>
Package pdftex.def Info: kNN-Logistic-and-Support-Vector-Machine_files/figure-latex/unnamed-chunk-131-1.pdf  used on input line 5525.
(pdftex.def)             Requested size: 469.76045pt x 281.85628pt.

Overfull \vbox (0.25189pt too high) detected at line 5546
 []

[89 <./kNN-Logistic-and-Support-Vector-Machine_files/figure-latex/unnamed-chunk-131-1.pdf>] [90] [91] [92]
<svm1.png, id=689, 469.755pt x 185.19188pt>
File: svm1.png Graphic file (type png)
<use svm1.png>
Package pdftex.def Info: svm1.png  used on input line 5776.
(pdftex.def)             Requested size: 469.76102pt x 185.19423pt.
<svm2.png, id=690, 469.755pt x 304.88907pt>
File: svm2.png Graphic file (type png)
<use svm2.png>
Package pdftex.def Info: svm2.png  used on input line 5812.
(pdftex.def)             Requested size: 469.76819pt x 304.89761pt.
[93 <./svm1.png>]

LaTeX Warning: Command \textendash invalid in math mode on input line 5849.


LaTeX Warning: Command \textendash invalid in math mode on input line 5849.


LaTeX Warning: Command \textendash invalid in math mode on input line 5853.


LaTeX Warning: Command \textendash invalid in math mode on input line 5853.


LaTeX Warning: Command \textendash invalid in math mode on input line 5855.


LaTeX Warning: Command \textendash invalid in math mode on input line 5855.


LaTeX Warning: Command \textendash invalid in math mode on input line 5861.


LaTeX Warning: Command \textendash invalid in math mode on input line 5863.


LaTeX Warning: Command \textendash invalid in math mode on input line 5863.


LaTeX Warning: Command \textendash invalid in math mode on input line 5867.

! Missing $ inserted.
<inserted text> 
                $
l.5873 ...textbar{} subject to \$ yi(wxi + b) \geq
                                                   1\$ 
Here is how much of TeX's memory you used:
 11899 strings out of 476009
 193496 string characters out of 5789395
 2031754 words of memory out of 5000000
 33645 multiletter control sequences out of 15000+600000
 614292 words of font info for 82 fonts, out of 8000000 for 9000
 14 hyphenation exceptions out of 8191
 89i,6n,93p,401b,587s stack positions out of 10000i,1000n,20000p,200000b,200000s

!  ==> Fatal error occurred, no output PDF file produced!
